<?xml version="1.0" encoding="UTF-8" ?>
<testsuite tests="7" failures="0" name="api.TestService" time="0.576" errors="0" skipped="0">
  <properties>
[...]
</properties>
  <testcase classname="api.TestService" name="test" time="0.133"/>
  <testcase classname="api.TestService" name="testCreateRelationWithNotValidRelationship" time="0.001"/>
  <testcase classname="api.TestService" name="testValidationOfSiblings" time="0.005"/>
  <testcase classname="api.TestService" name="testSiblings" time="0.065"/>
  <testcase classname="api.TestService" name="testFamilyTree4Siva" time="0.167"/>
  <testcase classname="api.TestService" name="testFamilyTree4Rama" time="0.114"/>
  <testcase classname="api.TestService" name="testFT" time="0.091"/>
</testsuite>